<?xml version="1.0" encoding="UTF-8"?><testsuite errors="1" failures="0" name="Reservar Escenario Deportivo" skipped="0" tests="1" time="41.37" timestamp="2021-04-10 02:51:36"><testcase name="Reserva exitosa Santiago"><error message="element not interactable&#10;  (Session info: chrome=89.0.4389.114)&#10;Build info: version: '3.141.59', revision: 'e82be7d358', time: '2018-11-14T08:17:03'&#10;System info: host: 'PCSANTI', ip: '192.168.1.15', os.name: 'Windows 10', os.arch: 'amd64', os.version: '10.0', java.version: '1.8.0_281'&#10;Driver info: org.openqa.selenium.chrome.ChromeDriver&#10;Capabilities {acceptInsecureCerts: false, browserName: chrome, browserVersion: 89.0.4389.114, chrome: {chromedriverVersion: 89.0.4389.23 (61b08ee2c5002..., userDataDir: C:\Users\andre\AppData\Loca...}, goog:chromeOptions: {debuggerAddress: localhost:56614}, javascriptEnabled: true, networkConnectionEnabled: false, pageLoadStrategy: normal, platform: WINDOWS, platformName: WINDOWS, proxy: Proxy(), setWindowRect: true, strictFileInteractability: false, timeouts: {implicit: 0, pageLoad: 300000, script: 30000}, unhandledPromptBehavior: dismiss and notify, webauthn:extension:largeBlob: true, webauthn:virtualAuthenticators: true}&#10;Session ID: c705cebd56174dce1317127c71b8cf82" type="org.openqa.selenium.ElementNotInteractableException">element not interactable
  (Session info: chrome=89.0.4389.114)
Build info: version: '3.141.59', revision: 'e82be7d358', time: '2018-11-14T08:17:03'
System info: host: 'PCSANTI', ip: '192.168.1.15', os.name: 'Windows 10', os.arch: 'amd64', os.version: '10.0', java.version: '1.8.0_281'
Driver info: org.openqa.selenium.chrome.ChromeDriver
Capabilities {acceptInsecureCerts: false, browserName: chrome, browserVersion: 89.0.4389.114, chrome: {chromedriverVersion: 89.0.4389.23 (61b08ee2c5002..., userDataDir: C:\Users\andre\AppData\Loca...}, goog:chromeOptions: {debuggerAddress: localhost:56614}, javascriptEnabled: true, networkConnectionEnabled: false, pageLoadStrategy: normal, platform: WINDOWS, platformName: WINDOWS, proxy: Proxy(), setWindowRect: true, strictFileInteractability: false, timeouts: {implicit: 0, pageLoad: 300000, script: 30000}, unhandledPromptBehavior: dismiss and notify, webauthn:extension:largeBlob: true, webauthn:virtualAuthenticators: true}
Session ID: c705cebd56174dce1317127c71b8cf82</error><system-err>element not interactable
  (Session info: chrome=89.0.4389.114)
Build info: version: '3.141.59', revision: 'e82be7d358', time: '2018-11-14T08:17:03'
System info: host: 'PCSANTI', ip: '192.168.1.15', os.name: 'Windows 10', os.arch: 'amd64', os.version: '10.0', java.version: '1.8.0_281'
Driver info: org.openqa.selenium.chrome.ChromeDriver
Capabilities {acceptInsecureCerts: false, browserName: chrome, browserVersion: 89.0.4389.114, chrome: {chromedriverVersion: 89.0.4389.23 (61b08ee2c5002..., userDataDir: C:\Users\andre\AppData\Loca...}, goog:chromeOptions: {debuggerAddress: localhost:56614}, javascriptEnabled: true, networkConnectionEnabled: false, pageLoadStrategy: normal, platform: WINDOWS, platformName: WINDOWS, proxy: Proxy(), setWindowRect: true, strictFileInteractability: false, timeouts: {implicit: 0, pageLoad: 300000, script: 30000}, unhandledPromptBehavior: dismiss and notify, webauthn:extension:largeBlob: true, webauthn:virtualAuthenticators: true}
Session ID: c705cebd56174dce1317127c71b8cf82&#13;
co.com.bancolombia.certificacion.appinder.interactions.SeleccionarFecha.performAs(SeleccionarFecha.java:30)&#13;
co.com.bancolombia.certificacion.appinder.tasks.RerservarCancha.performAs(RerservarCancha.java:57)&#13;
co.com.bancolombia.certificacion.appinder.stepdefinitions.ReservaStepDefinitions.elIngresaLosDatosDeLaReserva(ReservaStepDefinitions.java:31)&#13;
cucumber.runner.Runner.runPickle(Runner.java:80)&#13;
</system-err></testcase></testsuite>