<?xml version="1.0" encoding="UTF-8"?><testsuite errors="1" failures="0" name="Inicio de sesion" skipped="0" tests="1" time="18.95" timestamp="2021-04-10 02:47:02"><testcase name="Iniciar sesion exitoso"><error message="Expected condition failed: waiting for By.xpath: //li[@class='dropdown user-menu menu-usuario-formato']//a[@class='dropdown-toggle'] to be displayed (tried for 5 second(s) with 100 milliseconds interval)&#10;Build info: version: '3.141.59', revision: 'e82be7d358', time: '2018-11-14T08:17:03'&#10;System info: host: 'PCSANTI', ip: '192.168.1.15', os.name: 'Windows 10', os.arch: 'amd64', os.version: '10.0', java.version: '1.8.0_281'&#10;Driver info: driver.version: unknown" type="java.lang.AssertionError">Expected condition failed: waiting for By.xpath: //li[@class='dropdown user-menu menu-usuario-formato']//a[@class='dropdown-toggle'] to be displayed (tried for 5 second(s) with 100 milliseconds interval)
Build info: version: '3.141.59', revision: 'e82be7d358', time: '2018-11-14T08:17:03'
System info: host: 'PCSANTI', ip: '192.168.1.15', os.name: 'Windows 10', os.arch: 'amd64', os.version: '10.0', java.version: '1.8.0_281'
Driver info: driver.version: unknown</error><system-err>Expected condition failed: waiting for By.xpath: //li[@class='dropdown user-menu menu-usuario-formato']//a[@class='dropdown-toggle'] to be displayed (tried for 5 second(s) with 100 milliseconds interval)
Build info: version: '3.141.59', revision: 'e82be7d358', time: '2018-11-14T08:17:03'
System info: host: 'PCSANTI', ip: '192.168.1.15', os.name: 'Windows 10', os.arch: 'amd64', os.version: '10.0', java.version: '1.8.0_281'
Driver info: driver.version: unknown&#13;
co.com.bancolombia.certificacion.appinder.stepdefinitions.InicioSesionStepDefinitions.elIniciaraSesionExitosamente(InicioSesionStepDefinitions.java:34)&#13;
✽.el iniciara sesion exitosamente(src/test/resources/features/login.feature:11)&#13;
</system-err></testcase></testsuite>